<?xml version="1.0" encoding="UTF-8"?>
<testng-results ignored="0" total="2" passed="2" failed="0" skipped="0">
  <reporter-output>
  </reporter-output>
  <suite started-at="2021-06-30T09:48:01 IST" name="Default suite" finished-at="2021-06-30T09:48:01 IST" duration-ms="897">
    <groups>
    </groups>
    <test started-at="2021-06-30T09:48:01 IST" name="Default test" finished-at="2021-06-30T09:48:01 IST" duration-ms="897">
      <class name="com.qa.tests.GetApiTest">
        <test-method is-config="true" signature="setup()[pri:0, instance:com.qa.tests.GetApiTest@4de4b452]" started-at="2021-06-30T09:48:01 IST" name="setup" finished-at="2021-06-30T09:48:01 IST" duration-ms="11" status="PASS">
          <reporter-output>
          </reporter-output>
        </test-method> <!-- setup -->
        <test-method signature="getAPITestWithoutHeaders()[pri:1, instance:com.qa.tests.GetApiTest@4de4b452]" started-at="2021-06-30T09:48:01 IST" name="getAPITestWithoutHeaders" finished-at="2021-06-30T09:48:01 IST" duration-ms="677" status="PASS">
          <reporter-output>
          </reporter-output>
        </test-method> <!-- getAPITestWithoutHeaders -->
        <test-method signature="getAPITestWithHeaders()[pri:2, instance:com.qa.tests.GetApiTest@4de4b452]" started-at="2021-06-30T09:48:01 IST" name="getAPITestWithHeaders" finished-at="2021-06-30T09:48:01 IST" duration-ms="169" status="PASS">
          <reporter-output>
          </reporter-output>
        </test-method> <!-- getAPITestWithHeaders -->
      </class> <!-- com.qa.tests.GetApiTest -->
    </test> <!-- Default test -->
  </suite> <!-- Default suite -->
</testng-results>
